<?xml version="1.0" encoding="UTF-8"?>
<!-- Generated by org.testng.reporters.JUnitReportReporter -->
<testsuite hostname="NIVIKSHA" failures="0" tests="1" name="driverFactory.DriverScript" time="14.867" errors="0" timestamp="2024-02-07T15:28:56 IST" skipped="0">
  <testcase classname="driverFactory.DriverScript" name="startTest" time="14.867">
    <system-out>
      <![CDATA[Stock-000000359 Stock-000000359]]>
    </system-out>
  </testcase> <!-- startTest -->
  <system-out>
    <![CDATA[Stock-000000359 Stock-000000359]]>
  </system-out>
</testsuite> <!-- driverFactory.DriverScript -->
